<?xml version="1.0" encoding="UTF-8"?>
<!-- Generated by org.testng.reporters.JUnitReportReporter -->
<testsuite hostname="DESKTOP-ER71K56" failures="0" tests="5" name="testrunner.LoginTest" time="51.476" errors="0" timestamp="2023-10-08T01:17:54 IST" skipped="0">
  <testcase classname="testrunner.LoginTest" name="verifyLoginWithoutProvidingCredentials" time="9.795"/>
  <testcase classname="testrunner.LoginTest" name="verifyLoginWithValidCredentials" time="10.862"/>
  <testcase classname="testrunner.LoginTest" name="verifyLoginWithInvalidCredentials" time="11.323"/>
  <testcase classname="testrunner.LoginTest" name="verifyLoginWithInvalidEmailAndValidPassword" time="9.656"/>
  <testcase classname="testrunner.LoginTest" name="verifyLoginWithValidEmailAndInvalidPassword" time="9.840"/>
</testsuite> <!-- testrunner.LoginTest -->
